-------------------------------------------------------------------------------
Test set: com.bookclub.sample.SampleApplicationTests
-------------------------------------------------------------------------------
Tests run: 1, Failures: 0, Errors: 1, Skipped: 0, Time elapsed: 0.533 s <<< FAILURE! - in com.bookclub.sample.SampleApplicationTests
contextLoads  Time elapsed: 0.004 s  <<< ERROR!
java.lang.IllegalStateException: Failed to load ApplicationContext
Caused by: org.springframework.beans.factory.BeanCreationException: 
Error creating bean with name 'sampleApplication': Instantiation of bean failed; nested exception is org.springframework.beans.BeanInstantiationException: Failed to instantiate [com.bookclub.sample.SampleApplication$$EnhancerBySpringCGLIB$$beedb064]: Constructor threw exception; nested exception is java.lang.Error: Unresolved compilation problems: 
	The type org.springframework.beans.factory.support.BeanNameGenerator cannot be resolved. It is indirectly referenced from required type org.springframework.boot.SpringApplication
	The type org.springframework.context.ConfigurableApplicationContext cannot be resolved. It is indirectly referenced from required type org.springframework.boot.SpringApplication
	The method run(Class<?>, String...) from the type SpringApplication refers to the missing type ConfigurableApplicationContext

Caused by: org.springframework.beans.BeanInstantiationException: 
Failed to instantiate [com.bookclub.sample.SampleApplication$$EnhancerBySpringCGLIB$$beedb064]: Constructor threw exception; nested exception is java.lang.Error: Unresolved compilation problems: 
	The type org.springframework.beans.factory.support.BeanNameGenerator cannot be resolved. It is indirectly referenced from required type org.springframework.boot.SpringApplication
	The type org.springframework.context.ConfigurableApplicationContext cannot be resolved. It is indirectly referenced from required type org.springframework.boot.SpringApplication
	The method run(Class<?>, String...) from the type SpringApplication refers to the missing type ConfigurableApplicationContext

Caused by: java.lang.Error: 
Unresolved compilation problems: 
	The type org.springframework.beans.factory.support.BeanNameGenerator cannot be resolved. It is indirectly referenced from required type org.springframework.boot.SpringApplication
	The type org.springframework.context.ConfigurableApplicationContext cannot be resolved. It is indirectly referenced from required type org.springframework.boot.SpringApplication
	The method run(Class<?>, String...) from the type SpringApplication refers to the missing type ConfigurableApplicationContext


